Info: Starting: Create testbench Qsys system
Info: C:/Users/alvas/Documents/Univer/6_kurs/PRSNK/Worked_in_Elektroprobor/Lab_3_QR_13/nios_old/testbench/nios_old.ipx
Info: ip-generate --project-directory=C:/Users/alvas/Documents/Univer/6_kurs/PRSNK/Worked_in_Elektroprobor/Lab_3_QR_13/ --output-directory=C:/Users/alvas/Documents/Univer/6_kurs/PRSNK/Worked_in_Elektroprobor/Lab_3_QR_13/ --report-file=sopcinfo:C:/Users/alvas/Documents/Univer/6_kurs/PRSNK/Worked_in_Elektroprobor/Lab_3_QR_13/nios_old.sopcinfo --report-file=html:C:/Users/alvas/Documents/Univer/6_kurs/PRSNK/Worked_in_Elektroprobor/Lab_3_QR_13/nios_old.html --system-info=DEVICE_FAMILY="Cyclone V" --system-info=DEVICE=5CSXFC6D6F31C8ES --system-info=DEVICE_SPEEDGRADE=8_H6 --component-file=C:/Users/alvas/Documents/Univer/6_kurs/PRSNK/Worked_in_Elektroprobor/Lab_3_QR_13/nios_old.qsys
Progress: Loading Lab_3_QR_13/nios_old.qsys
Progress: Reading input file
Progress: Adding clk_0 [clock_source 13.0]
Progress: Parameterizing module clk_0
Progress: Adding nios2_qsys_0 [altera_nios2_qsys 13.0]
Progress: Parameterizing module nios2_qsys_0
Progress: Adding jtag_uart_0 [altera_avalon_jtag_uart 13.0.1.99.2]
Progress: Parameterizing module jtag_uart_0
Progress: Adding onchip_memory2_0 [altera_avalon_onchip_memory2 13.0.1.99.2]
Progress: Parameterizing module onchip_memory2_0
Progress: Adding pio_0 [altera_avalon_pio 13.0.1.99.2]
Progress: Parameterizing module pio_0
Progress: Building connections
Progress: Parameterizing connections
Progress: Validating
Progress: Done reading input file
Info: ip-generate succeeded.
Info: Loading component library for testbench.
Progress: 
Progress: 
Progress: 
Progress: (1) searching C:/altera/13.0sp1/quartus/sopc_builder/bin/root_components.ipx (ipx file)
Info: Reading index C:/altera/13.0sp1/quartus/sopc_builder/bin/root_components.ipx
Info: C:/altera/13.0sp1/quartus/sopc_builder/bin/root_components.ipx: Loading now from components.ipx
Info: Reading index C:/altera/13.0sp1/quartus/sopc_builder/bin/ip_component_categories.ipx
Info: C:/altera/13.0sp1/quartus/sopc_builder/bin/ip_component_categories.ipx described 0 plugins, 0 paths, in 0,04 seconds
Info: C:/altera/13.0sp1/quartus/sopc_builder/bin/ip_component_categories.ipx matched 1 files in 0,04 seconds
Info: Reading index C:/altera/13.0sp1/ip/altera/altera_components.ipx
Info: C:/altera/13.0sp1/ip/altera/altera_components.ipx described 848 plugins, 0 paths, in 0,22 seconds
Info: C:/altera/13.0sp1/ip/**/* matched 97 files in 0,23 seconds
Info: C:/Users/alvas/.altera.quartus/ip/13.0sp1/**/* matched 0 files in 0,00 seconds
Info: C:/Users/alvas/Documents/Univer/6_kurs/PRSNK/Worked_in_Elektroprobor/Lab_3_QR_13/nios_old/testbench/ip/**/* matched 0 files in 0,00 seconds
Info: Reading index C:/Users/alvas/Documents/Univer/6_kurs/PRSNK/Worked_in_Elektroprobor/Lab_3_QR_13/nios_old/testbench/nios_old.ipx
Progress: Loading Lab_3_QR_13/nios_old.qsys
Info: C:/Users/alvas/Documents/Univer/6_kurs/PRSNK/Worked_in_Elektroprobor/Lab_3_QR_13/* matched 26 files in 0,01 seconds
Info: C:/Users/alvas/Documents/Univer/6_kurs/PRSNK/Worked_in_Elektroprobor/Lab_3_QR_13/ip/**/* matched 0 files in 0,00 seconds
Info: C:/Users/alvas/Documents/Univer/6_kurs/PRSNK/Worked_in_Elektroprobor/Lab_3_QR_13/*/* matched 307 files in 0,03 seconds
Info: C:/Users/alvas/Documents/Univer/6_kurs/PRSNK/Worked_in_Elektroprobor/Lab_3_QR_13/nios_old/testbench/nios_old.ipx described 0 plugins, 3 paths, in 0,04 seconds
Progress: Loading testbench/nios_old_tb.qsys
Info: C:/Users/alvas/Documents/Univer/6_kurs/PRSNK/Worked_in_Elektroprobor/Lab_3_QR_13/nios_old/testbench/* matched 8 files in 0,05 seconds
Info: C:/Users/alvas/Documents/Univer/6_kurs/PRSNK/Worked_in_Elektroprobor/Lab_3_QR_13/nios_old/testbench/*/* matched 9 files in 0,00 seconds
Info: Reading index C:/altera/13.0sp1/quartus/sopc_builder/builtin.ipx
Info: C:/altera/13.0sp1/quartus/sopc_builder/builtin.ipx described 103 plugins, 0 paths, in 0,02 seconds
Info: C:/altera/13.0sp1/quartus/sopc_builder/**/* matched 9 files in 0,02 seconds
Info: Reading index C:/altera/13.0sp1/quartus/common/librarian/factories/index.ipx
Info: C:/altera/13.0sp1/quartus/common/librarian/factories/index.ipx described 151 plugins, 0 paths, in 0,03 seconds
Info: C:/altera/13.0sp1/quartus/common/librarian/factories/**/* matched 4 files in 0,04 seconds
Info: C:/altera/13.0sp1/quartus/sopc_builder/bin/$IP_IPX_PATH matched 1 files in 0,00 seconds
Info: C:/altera/13.0sp1/quartus/sopc_builder/bin/root_components.ipx described 0 plugins, 9 paths, in 0,40 seconds
Info: C:/altera/13.0sp1/quartus/sopc_builder/bin/root_components.ipx matched 1 files in 0,40 seconds
Progress: 
Progress: 
Progress: 
Info: Loading presets
Progress: Loading presets
Info: Running script C:/altera/13.0sp1/quartus/sopc_builder/bin/tbgen.tcl
Info: acds::register_package_version 12.1
Info: send_message Info TB_Gen: QSYS Testbench Generator Rev: $Revision: #2 $
Info: TB_Gen: QSYS Testbench Generator Rev: $Revision: #2 $
Info: get_module_property NAME
Info: send_message Info TB_Gen: System design is: nios_old
Info: TB_Gen: System design is: nios_old
Info: get_interfaces 
Info: get_connections 
Info: get_interface_property clk EXPORT_OF
Info: get_instance_property clk_0 CLASS_NAME
Info: get_instance_assignment clk_0 testbench.partner.map.clk_in
Info: get_interface_property gpio EXPORT_OF
Info: get_instance_property pio_0 CLASS_NAME
Info: get_instance_assignment pio_0 testbench.partner.map.external_connection
Info: get_interface_property reset EXPORT_OF
Info: get_instance_property clk_0 CLASS_NAME
Info: get_instance_assignment clk_0 testbench.partner.map.clk_in_reset
Info: send_message Info TB_Gen: Creating testbench system : nios_old_tb with all standard BFMs
Info: TB_Gen: Creating testbench system : nios_old_tb with all standard BFMs
Info: create_system nios_old_tb
Info: add_instance nios_old_inst nios_old 
Info: set_use_testbench_naming_pattern true
Info: get_instance_interfaces nios_old_inst
Info: get_instance_interface_property nios_old_inst clk CLASS_NAME
Info: get_instance_interface_property nios_old_inst gpio CLASS_NAME
Info: get_instance_interface_property nios_old_inst reset CLASS_NAME
Info: get_instance_interface_property nios_old_inst clk CLASS_NAME
Info: send_message Info TB_Gen: clock_sink found: clk
Info: TB_Gen: clock_sink found: clk
Info: get_instance_interface_property nios_old_inst clk CLASS_NAME
Info: add_instance nios_old_inst_clk_bfm altera_avalon_clock_source 
Info: get_instance_property nios_old_inst_clk_bfm CLASS_NAME
Info: get_instance_interface_parameter_value nios_old_inst clk clockRate
Info: set_instance_parameter_value nios_old_inst_clk_bfm CLOCK_RATE 50000000.0
Info: set_instance_parameter_value nios_old_inst_clk_bfm CLOCK_UNIT 1
Info: get_instance_property nios_old_inst_clk_bfm CLASS_NAME
Info: get_instance_interface_property nios_old_inst clk CLASS_NAME
Info: get_instance_interfaces nios_old_inst_clk_bfm
Info: get_instance_interface_property nios_old_inst_clk_bfm clk CLASS_NAME
Info: add_connection nios_old_inst_clk_bfm.clk nios_old_inst.clk
Info: get_instance_interface_property nios_old_inst reset CLASS_NAME
Info: send_message Info TB_Gen: reset_sink found: reset
Info: TB_Gen: reset_sink found: reset
Info: get_instance_interface_property nios_old_inst reset CLASS_NAME
Info: add_instance nios_old_inst_reset_bfm altera_avalon_reset_source 
Info: get_instance_property nios_old_inst_reset_bfm CLASS_NAME
Info: get_instance_interface_ports nios_old_inst reset
Info: get_instance_interface_port_property nios_old_inst reset reset_reset_n ROLE
Info: set_instance_parameter_value nios_old_inst_reset_bfm ASSERT_HIGH_RESET 0
Info: set_instance_parameter_value nios_old_inst_reset_bfm INITIAL_RESET_CYCLES 50
Info: get_instance_property nios_old_inst_reset_bfm CLASS_NAME
Info: get_instance_interfaces nios_old_inst_reset_bfm
Info: get_instance_interface_property nios_old_inst_reset_bfm reset CLASS_NAME
Info: get_instance_interface_property nios_old_inst_reset_bfm clk CLASS_NAME
Info: get_instance_property nios_old_inst_reset_bfm CLASS_NAME
Info: get_instance_interface_parameter_value nios_old_inst reset associatedClock
Info: get_instance_interfaces nios_old_inst_clk_bfm
Info: get_instance_interface_property nios_old_inst_clk_bfm clk CLASS_NAME
Info: send_message Warning TB_Gen: nios_old_inst_reset_bfm is not associated to any clock; connecting nios_old_inst_reset_bfm to 'nios_old_inst_clk_bfm.clk'
Warning: TB_Gen: nios_old_inst_reset_bfm is not associated to any clock; connecting nios_old_inst_reset_bfm to 'nios_old_inst_clk_bfm.clk'
Info: add_connection nios_old_inst_clk_bfm.clk nios_old_inst_reset_bfm.clk
Info: get_instance_interface_property nios_old_inst reset CLASS_NAME
Info: get_instance_interfaces nios_old_inst_reset_bfm
Info: get_instance_interface_property nios_old_inst_reset_bfm reset CLASS_NAME
Info: get_instance_interface_property nios_old_inst_reset_bfm clk CLASS_NAME
Info: add_connection nios_old_inst_reset_bfm.reset nios_old_inst.reset
Info: get_instance_interface_property nios_old_inst gpio CLASS_NAME
Info: send_message Info TB_Gen: conduit_end found: gpio
Info: TB_Gen: conduit_end found: gpio
Info: get_instance_interface_property nios_old_inst gpio CLASS_NAME
Info: add_instance nios_old_inst_gpio_bfm altera_conduit_bfm 
Info: get_instance_property nios_old_inst_gpio_bfm CLASS_NAME
Info: get_instance_interface_parameter_value nios_old_inst gpio associatedClock
Info: get_instance_interface_parameter_value nios_old_inst gpio associatedReset
Info: get_instance_interface_ports nios_old_inst gpio
Info: get_instance_interface_port_property nios_old_inst gpio gpio_export ROLE
Info: get_instance_interface_port_property nios_old_inst gpio gpio_export WIDTH
Info: get_instance_interface_port_property nios_old_inst gpio gpio_export DIRECTION
Info: set_instance_parameter_value nios_old_inst_gpio_bfm CLOCKED_SIGNAL 0
Info: set_instance_parameter_value nios_old_inst_gpio_bfm ENABLE_RESET 0
Info: set_instance_parameter_value nios_old_inst_gpio_bfm SIGNAL_ROLES export
Info: set_instance_parameter_value nios_old_inst_gpio_bfm SIGNAL_WIDTHS 3
Info: set_instance_parameter_value nios_old_inst_gpio_bfm SIGNAL_DIRECTIONS input
Info: get_instance_property nios_old_inst_gpio_bfm CLASS_NAME
Info: get_instance_interface_property nios_old_inst gpio CLASS_NAME
Info: get_instance_interfaces nios_old_inst_gpio_bfm
Info: get_instance_interface_property nios_old_inst_gpio_bfm conduit CLASS_NAME
Info: add_connection nios_old_inst_gpio_bfm.conduit nios_old_inst.gpio
Info: send_message Info TB_Gen: Saving testbench system: nios_old_tb.qsys
Info: TB_Gen: Saving testbench system: nios_old_tb.qsys
Info: save_system nios_old_tb.qsys
Info: send_message Info TB_Gen: TBGEN SUCCESSFUL
Info: TB_Gen: TBGEN SUCCESSFUL
Info: Testbench system: C:/Users/alvas/Documents/Univer/6_kurs/PRSNK/Worked_in_Elektroprobor/Lab_3_QR_13/nios_old/testbench/nios_old_tb.qsys
Info: Done
Info: ip-generate --project-directory=C:/Users/alvas/Documents/Univer/6_kurs/PRSNK/Worked_in_Elektroprobor/Lab_3_QR_13/nios_old/testbench/ --output-directory=C:/Users/alvas/Documents/Univer/6_kurs/PRSNK/Worked_in_Elektroprobor/Lab_3_QR_13/nios_old/testbench/nios_old_tb/simulation/ --file-set=SIM_VERILOG --report-file=html:C:/Users/alvas/Documents/Univer/6_kurs/PRSNK/Worked_in_Elektroprobor/Lab_3_QR_13/nios_old/testbench/nios_old_tb.html --system-info=DEVICE_FAMILY="Cyclone V" --system-info=DEVICE=5CSXFC6D6F31C8ES --system-info=DEVICE_SPEEDGRADE=8_H6 --component-file=C:/Users/alvas/Documents/Univer/6_kurs/PRSNK/Worked_in_Elektroprobor/Lab_3_QR_13/nios_old/testbench/nios_old_tb.qsys --report-file=csv:C:/Users/alvas/Documents/Univer/6_kurs/PRSNK/Worked_in_Elektroprobor/Lab_3_QR_13/nios_old_tb.csv --report-file=spd:C:/Users/alvas/Documents/Univer/6_kurs/PRSNK/Worked_in_Elektroprobor/Lab_3_QR_13/nios_old_tb.spd
Progress: Loading testbench/nios_old_tb.qsys
Progress: Reading input file
Progress: Adding nios_old_inst [nios_old 1.0]
Progress: Parameterizing module nios_old_inst
Progress: Adding nios_old_inst_clk_bfm [altera_avalon_clock_source 13.0]
Progress: Parameterizing module nios_old_inst_clk_bfm
Progress: Adding nios_old_inst_reset_bfm [altera_avalon_reset_source 13.0]
Progress: Parameterizing module nios_old_inst_reset_bfm
Progress: Adding nios_old_inst_gpio_bfm [altera_conduit_bfm 13.0]
Progress: Parameterizing module nios_old_inst_gpio_bfm
Progress: Building connections
Progress: Parameterizing connections
Progress: Validating
Progress: Done reading input file
Info: nios_old_tb.nios_old_inst_clk_bfm: Elaborate: altera_clock_source
Info: nios_old_tb.nios_old_inst_clk_bfm:            $Revision: #1 $
Info: nios_old_tb.nios_old_inst_clk_bfm:            $Date: 2013/03/07 $
Info: nios_old_tb.nios_old_inst_reset_bfm: Elaborate: altera_reset_source
Info: nios_old_tb.nios_old_inst_reset_bfm:            $Revision: #1 $
Info: nios_old_tb.nios_old_inst_reset_bfm:            $Date: 2013/03/07 $
Info: nios_old_tb.nios_old_inst_reset_bfm: Reset is negatively asserted.
Info: nios_old_tb: Generating nios_old_tb "nios_old_tb" for SIM_VERILOG
Info: pipeline_bridge_swap_transform: After transform: 4 modules, 4 connections
Info: No custom instruction connections, skipping transform 
Info: No Avalon connections, skipping transform 
Info: merlin_translator_transform: After transform: 4 modules, 4 connections
Info: pipeline_bridge_swap_transform: After transform: 5 modules, 15 connections
Info: No custom instruction connections, skipping transform 
Info: merlin_translator_transform: After transform: 11 modules, 33 connections
Info: merlin_domain_transform: After transform: 22 modules, 89 connections
Info: merlin_router_transform: After transform: 28 modules, 107 connections
Info: reset_adaptation_transform: After transform: 29 modules, 109 connections
Info: merlin_network_to_switch_transform: After transform: 40 modules, 133 connections
Info: merlin_mm_transform: After transform: 40 modules, 133 connections
Info: merlin_interrupt_mapper_transform: After transform: 41 modules, 136 connections
Warning: nios_old_inst: "No matching role found for rst_controller:reset_out:reset_req (reset_req)"
Warning: nios_old_inst: "No matching role found for rst_controller:reset_out:reset_req (reset_req)"
Warning: nios_old_inst: "No matching role found for rst_controller:reset_out:reset_req (reset_req)"
Warning: nios_old_inst: "No matching role found for rst_controller:reset_out:reset_req (reset_req)"
Warning: nios_old_inst: "No matching role found for rst_controller:reset_out:reset_req (reset_req)"
Warning: nios_old_inst: "No matching role found for rst_controller:reset_out:reset_req (reset_req)"
Warning: nios_old_inst: "No matching role found for rst_controller:reset_out:reset_req (reset_req)"
Warning: nios_old_inst: "No matching role found for rst_controller:reset_out:reset_req (reset_req)"
Warning: nios_old_inst: "No matching role found for rst_controller:reset_out:reset_req (reset_req)"
Warning: nios_old_inst: "No matching role found for rst_controller:reset_out:reset_req (reset_req)"
Warning: nios_old_inst: "No matching role found for rst_controller:reset_out:reset_req (reset_req)"
Warning: nios_old_inst: "No matching role found for rst_controller:reset_out:reset_req (reset_req)"
Warning: nios_old_inst: "No matching role found for rst_controller:reset_out:reset_req (reset_req)"
Warning: nios_old_inst: "No matching role found for rst_controller:reset_out:reset_req (reset_req)"
Warning: nios_old_inst: "No matching role found for rst_controller:reset_out:reset_req (reset_req)"
Warning: nios_old_inst: "No matching role found for rst_controller:reset_out:reset_req (reset_req)"
Warning: nios_old_inst: "No matching role found for rst_controller:reset_out:reset_req (reset_req)"
Warning: nios_old_inst: "No matching role found for rst_controller:reset_out:reset_req (reset_req)"
Warning: nios_old_inst: "No matching role found for rst_controller:reset_out:reset_req (reset_req)"
Warning: nios_old_inst: "No matching role found for rst_controller:reset_out:reset_req (reset_req)"
Warning: nios_old_inst: "No matching role found for rst_controller:reset_out:reset_req (reset_req)"
Warning: nios_old_inst: "No matching role found for rst_controller:reset_out:reset_req (reset_req)"
Warning: nios_old_inst: "No matching role found for rst_controller:reset_out:reset_req (reset_req)"
Warning: nios_old_inst: "No matching role found for rst_controller:reset_out:reset_req (reset_req)"
Warning: nios_old_inst: "No matching role found for rst_controller:reset_out:reset_req (reset_req)"
Warning: nios_old_inst: "No matching role found for rst_controller:reset_out:reset_req (reset_req)"
Warning: nios_old_inst: "No matching role found for rst_controller:reset_out:reset_req (reset_req)"
Warning: nios_old_inst: "No matching role found for rst_controller:reset_out:reset_req (reset_req)"
Warning: nios_old_inst: "No matching role found for rst_controller:reset_out:reset_req (reset_req)"
Warning: nios_old_inst: "No matching role found for rst_controller:reset_out:reset_req (reset_req)"
Warning: nios_old_inst: "No matching role found for rst_controller:reset_out:reset_req (reset_req)"
Warning: nios_old_inst: "No matching role found for rst_controller:reset_out:reset_req (reset_req)"
Warning: nios_old_inst: "No matching role found for rst_controller:reset_out:reset_req (reset_req)"
Warning: nios_old_inst: "No matching role found for rst_controller:reset_out:reset_req (reset_req)"
Warning: nios_old_inst: "No matching role found for rst_controller:reset_out:reset_req (reset_req)"
Warning: nios_old_inst: "No matching role found for rst_controller:reset_out:reset_req (reset_req)"
Warning: nios_old_inst: "No matching role found for rst_controller:reset_out:reset_req (reset_req)"
Warning: nios_old_inst: "No matching role found for rst_controller:reset_out:reset_req (reset_req)"
Info: nios_old_inst: "nios_old_tb" instantiated nios_old "nios_old_inst"
Info: nios_old_inst_clk_bfm: "nios_old_tb" instantiated altera_avalon_clock_source "nios_old_inst_clk_bfm"
Info: nios_old_inst_reset_bfm: "nios_old_tb" instantiated altera_avalon_reset_source "nios_old_inst_reset_bfm"
Info: Reusing file C:/Users/alvas/Documents/Univer/6_kurs/PRSNK/Worked_in_Elektroprobor/Lab_3_QR_13/nios_old/testbench/nios_old_tb/simulation/submodules/verbosity_pkg.sv
Info: nios_old_inst_gpio_bfm: "nios_old_tb" instantiated altera_conduit_bfm "nios_old_inst_gpio_bfm"
Info: Reusing file C:/Users/alvas/Documents/Univer/6_kurs/PRSNK/Worked_in_Elektroprobor/Lab_3_QR_13/nios_old/testbench/nios_old_tb/simulation/submodules/verbosity_pkg.sv
Info: nios2_qsys_0: Starting RTL generation for module 'nios_old_nios2_qsys_0'
Info: nios2_qsys_0:   Generation command is [exec C:/altera/13.0sp1/quartus/../ip/altera/nios2_ip/altera_nios2/eperl.exe -I C:/altera/13.0sp1/quartus/common/ip/altera/common/perl/5.8.3 -I C:/altera/13.0sp1/quartus/sopc_builder/bin/europa -I C:/altera/13.0sp1/quartus/sopc_builder/bin/perl_lib -I C:/altera/13.0sp1/quartus/sopc_builder/bin -I C:/altera/13.0sp1/quartus/../ip/altera/nios2_ip/altera_nios2/cpu_lib -I C:/altera/13.0sp1/quartus/../ip/altera/nios2_ip/altera_nios2/nios_lib -I C:/altera/13.0sp1/quartus/../ip/altera/nios2_ip/altera_nios2 -I C:/altera/13.0sp1/quartus/../ip/altera/nios2_ip/altera_nios2 -- C:/altera/13.0sp1/quartus/../ip/altera/nios2_ip/altera_nios2/generate_rtl.epl --name=nios_old_nios2_qsys_0 --dir=C:/Users/alvas/AppData/Local/Temp/alt8913_9070866939757924907.dir/0004_nios2_qsys_0_gen/ --quartus_dir=C:/altera/13.0sp1/quartus --verilog --config=C:/Users/alvas/AppData/Local/Temp/alt8913_9070866939757924907.dir/0004_nios2_qsys_0_gen//nios_old_nios2_qsys_0_processor_configuration.pl  --do_build_sim=1    --sim_dir=C:/Users/alvas/AppData/Local/Temp/alt8913_9070866939757924907.dir/0004_nios2_qsys_0_gen/    --bogus  ]
Info: nios2_qsys_0: # 2021.10.13 17:40:14 (*) Starting Nios II generation
Info: nios2_qsys_0: # 2021.10.13 17:40:14 (*)   Checking for plaintext license.
Info: nios2_qsys_0: # 2021.10.13 17:40:14 (*)   Couldn't query license setup in Quartus directory C:/altera/13.0sp1/quartus
Info: nios2_qsys_0: # 2021.10.13 17:40:14 (*)   Defaulting to contents of LM_LICENSE_FILE environment variable
Info: nios2_qsys_0: # 2021.10.13 17:40:15 (*)   Plaintext license not found.
Info: nios2_qsys_0: # 2021.10.13 17:40:15 (*)   No license required to generate encrypted Nios II/e.
Info: nios2_qsys_0: # 2021.10.13 17:40:15 (*)   Elaborating CPU configuration settings
Info: nios2_qsys_0: # 2021.10.13 17:40:15 (*)   Creating all objects for CPU
Info: nios2_qsys_0: # 2021.10.13 17:40:16 (*)   Creating 'C:/Users/alvas/AppData/Local/Temp/alt8913_9070866939757924907.dir/0004_nios2_qsys_0_gen//nios_old_nios2_qsys_0_nios2_waves.do'
Info: nios2_qsys_0: # 2021.10.13 17:40:16 (*)   Generating RTL from CPU objects
Info: nios2_qsys_0: # 2021.10.13 17:40:16 (*)   Creating plain-text RTL
Info: nios2_qsys_0: # 2021.10.13 17:40:19 (*) Done Nios II generation
Info: nios2_qsys_0: Done RTL generation for module 'nios_old_nios2_qsys_0'
Info: nios2_qsys_0: "nios_old_inst" instantiated altera_nios2_qsys "nios2_qsys_0"
Info: jtag_uart_0: Starting RTL generation for module 'nios_old_jtag_uart_0'
Info: jtag_uart_0:   Generation command is [exec C:/altera/13.0sp1/quartus/bin/perl/bin/perl.exe -I C:/altera/13.0sp1/quartus/common/ip/altera/common/perl/5.8.3 -I C:/altera/13.0sp1/quartus/sopc_builder/bin/europa -I C:/altera/13.0sp1/quartus/sopc_builder/bin/perl_lib -I C:/altera/13.0sp1/quartus/sopc_builder/bin -I C:/altera/13.0sp1/quartus/../ip/altera/sopc_builder_ip/common -I C:/altera/13.0sp1/quartus/../ip/altera/sopc_builder_ip/altera_avalon_jtag_uart -- C:/altera/13.0sp1/quartus/../ip/altera/sopc_builder_ip/altera_avalon_jtag_uart/generate_rtl.pl --name=nios_old_jtag_uart_0 --dir=C:/Users/alvas/AppData/Local/Temp/alt8913_9070866939757924907.dir/0005_jtag_uart_0_gen/ --quartus_dir=C:/altera/13.0sp1/quartus --verilog --config=C:/Users/alvas/AppData/Local/Temp/alt8913_9070866939757924907.dir/0005_jtag_uart_0_gen//nios_old_jtag_uart_0_component_configuration.pl  --do_build_sim=1    --sim_dir=C:/Users/alvas/AppData/Local/Temp/alt8913_9070866939757924907.dir/0005_jtag_uart_0_gen/  ]
Info: jtag_uart_0: Done RTL generation for module 'nios_old_jtag_uart_0'
Info: jtag_uart_0: "nios_old_inst" instantiated altera_avalon_jtag_uart "jtag_uart_0"
Info: onchip_memory2_0: Starting RTL generation for module 'nios_old_onchip_memory2_0'
Info: onchip_memory2_0:   Generation command is [exec C:/altera/13.0sp1/quartus/bin/perl/bin/perl.exe -I C:/altera/13.0sp1/quartus/common/ip/altera/common/perl/5.8.3 -I C:/altera/13.0sp1/quartus/sopc_builder/bin/europa -I C:/altera/13.0sp1/quartus/sopc_builder/bin/perl_lib -I C:/altera/13.0sp1/quartus/sopc_builder/bin -I C:/altera/13.0sp1/quartus/../ip/altera/sopc_builder_ip/common -I C:/altera/13.0sp1/quartus/../ip/altera/sopc_builder_ip/altera_avalon_onchip_memory2 -- C:/altera/13.0sp1/quartus/../ip/altera/sopc_builder_ip/altera_avalon_onchip_memory2/generate_rtl.pl --name=nios_old_onchip_memory2_0 --dir=C:/Users/alvas/AppData/Local/Temp/alt8913_9070866939757924907.dir/0006_onchip_memory2_0_gen/ --quartus_dir=C:/altera/13.0sp1/quartus --verilog --config=C:/Users/alvas/AppData/Local/Temp/alt8913_9070866939757924907.dir/0006_onchip_memory2_0_gen//nios_old_onchip_memory2_0_component_configuration.pl  --do_build_sim=1    --sim_dir=C:/Users/alvas/AppData/Local/Temp/alt8913_9070866939757924907.dir/0006_onchip_memory2_0_gen/  ]
Info: onchip_memory2_0: Done RTL generation for module 'nios_old_onchip_memory2_0'
Info: onchip_memory2_0: "nios_old_inst" instantiated altera_avalon_onchip_memory2 "onchip_memory2_0"
Info: pio_0: Starting RTL generation for module 'nios_old_pio_0'
Info: pio_0:   Generation command is [exec C:/altera/13.0sp1/quartus/bin/perl/bin/perl.exe -I C:/altera/13.0sp1/quartus/common/ip/altera/common/perl/5.8.3 -I C:/altera/13.0sp1/quartus/sopc_builder/bin/europa -I C:/altera/13.0sp1/quartus/sopc_builder/bin/perl_lib -I C:/altera/13.0sp1/quartus/sopc_builder/bin -I C:/altera/13.0sp1/quartus/../ip/altera/sopc_builder_ip/common -I C:/altera/13.0sp1/quartus/../ip/altera/sopc_builder_ip/altera_avalon_pio -- C:/altera/13.0sp1/quartus/../ip/altera/sopc_builder_ip/altera_avalon_pio/generate_rtl.pl --name=nios_old_pio_0 --dir=C:/Users/alvas/AppData/Local/Temp/alt8913_9070866939757924907.dir/0007_pio_0_gen/ --quartus_dir=C:/altera/13.0sp1/quartus --verilog --config=C:/Users/alvas/AppData/Local/Temp/alt8913_9070866939757924907.dir/0007_pio_0_gen//nios_old_pio_0_component_configuration.pl  --do_build_sim=1    --sim_dir=C:/Users/alvas/AppData/Local/Temp/alt8913_9070866939757924907.dir/0007_pio_0_gen/  ]
Info: pio_0: Done RTL generation for module 'nios_old_pio_0'
Info: pio_0: "nios_old_inst" instantiated altera_avalon_pio "pio_0"
Info: nios2_qsys_0_instruction_master_translator: "nios_old_inst" instantiated altera_merlin_master_translator "nios2_qsys_0_instruction_master_translator"
Info: nios2_qsys_0_jtag_debug_module_translator: "nios_old_inst" instantiated altera_merlin_slave_translator "nios2_qsys_0_jtag_debug_module_translator"
Info: nios2_qsys_0_instruction_master_translator_avalon_universal_master_0_agent: "nios_old_inst" instantiated altera_merlin_master_agent "nios2_qsys_0_instruction_master_translator_avalon_universal_master_0_agent"
Info: nios2_qsys_0_jtag_debug_module_translator_avalon_universal_slave_0_agent: "nios_old_inst" instantiated altera_merlin_slave_agent "nios2_qsys_0_jtag_debug_module_translator_avalon_universal_slave_0_agent"
Info: nios2_qsys_0_jtag_debug_module_translator_avalon_universal_slave_0_agent_rsp_fifo: "nios_old_inst" instantiated altera_avalon_sc_fifo "nios2_qsys_0_jtag_debug_module_translator_avalon_universal_slave_0_agent_rsp_fifo"
Info: addr_router: "nios_old_inst" instantiated altera_merlin_router "addr_router"
Info: addr_router_001: "nios_old_inst" instantiated altera_merlin_router "addr_router_001"
Info: id_router: "nios_old_inst" instantiated altera_merlin_router "id_router"
Info: id_router_002: "nios_old_inst" instantiated altera_merlin_router "id_router_002"
Info: rst_controller: "nios_old_inst" instantiated altera_reset_controller "rst_controller"
Info: cmd_xbar_demux: "nios_old_inst" instantiated altera_merlin_demultiplexer "cmd_xbar_demux"
Info: cmd_xbar_demux_001: "nios_old_inst" instantiated altera_merlin_demultiplexer "cmd_xbar_demux_001"
Info: cmd_xbar_mux: "nios_old_inst" instantiated altera_merlin_multiplexer "cmd_xbar_mux"
Info: rsp_xbar_demux_002: "nios_old_inst" instantiated altera_merlin_demultiplexer "rsp_xbar_demux_002"
Info: rsp_xbar_mux: "nios_old_inst" instantiated altera_merlin_multiplexer "rsp_xbar_mux"
Info: Reusing file C:/Users/alvas/Documents/Univer/6_kurs/PRSNK/Worked_in_Elektroprobor/Lab_3_QR_13/nios_old/testbench/nios_old_tb/simulation/submodules/altera_merlin_arbitrator.sv
Info: rsp_xbar_mux_001: "nios_old_inst" instantiated altera_merlin_multiplexer "rsp_xbar_mux_001"
Info: Reusing file C:/Users/alvas/Documents/Univer/6_kurs/PRSNK/Worked_in_Elektroprobor/Lab_3_QR_13/nios_old/testbench/nios_old_tb/simulation/submodules/altera_merlin_arbitrator.sv
Info: irq_mapper: "nios_old_inst" instantiated altera_irq_mapper "irq_mapper"
Info: nios_old_tb: Done nios_old_tb" with 26 modules, 69 files, 1207041 bytes
Info: ip-generate succeeded.
Info: sim-script-gen --spd=C:/Users/alvas/Documents/Univer/6_kurs/PRSNK/Worked_in_Elektroprobor/Lab_3_QR_13/nios_old_tb.spd --output-directory=C:/Users/alvas/Documents/Univer/6_kurs/PRSNK/Worked_in_Elektroprobor/Lab_3_QR_13/nios_old/testbench/
Info: Doing: ip-make-simscript --spd=C:/Users/alvas/Documents/Univer/6_kurs/PRSNK/Worked_in_Elektroprobor/Lab_3_QR_13/nios_old_tb.spd --output-directory=C:/Users/alvas/Documents/Univer/6_kurs/PRSNK/Worked_in_Elektroprobor/Lab_3_QR_13/nios_old/testbench/
Info: Generating the following file(s) for MODELSIM simulator in C:/Users/alvas/Documents/Univer/6_kurs/PRSNK/Worked_in_Elektroprobor/Lab_3_QR_13/nios_old/testbench/ directory:
Info: 	mentor/msim_setup.tcl
Info: Generating the following file(s) for VCS simulator in C:/Users/alvas/Documents/Univer/6_kurs/PRSNK/Worked_in_Elektroprobor/Lab_3_QR_13/nios_old/testbench/ directory:
Info: 	synopsys/vcs/vcs_setup.sh
Info: Generating the following file(s) for VCSMX simulator in C:/Users/alvas/Documents/Univer/6_kurs/PRSNK/Worked_in_Elektroprobor/Lab_3_QR_13/nios_old/testbench/ directory:
Info: 	synopsys/vcsmx/synopsys_sim.setup
Info: 	synopsys/vcsmx/vcsmx_setup.sh
Info: Generating the following file(s) for NCSIM simulator in C:/Users/alvas/Documents/Univer/6_kurs/PRSNK/Worked_in_Elektroprobor/Lab_3_QR_13/nios_old/testbench/ directory:
Info: 	cadence/cds.lib
Info: 	cadence/hdl.var
Info: 	cadence/ncsim_setup.sh
Info: 	25 .cds.lib files in cadence/cds_libs/ directory
Info: Generating the following file(s) for RIVIERAPRO simulator in C:/Users/alvas/Documents/Univer/6_kurs/PRSNK/Worked_in_Elektroprobor/Lab_3_QR_13/nios_old/testbench/ directory:
Info: 	aldec/rivierapro_setup.tcl
Info: Finished: Create testbench Qsys system
